Using pre-set license
Built from '2020.3/staging' branch; Version is '2020.3.26f1 (7298b473bc1a) revision 7510196'; Using compiler version '192528614'; Build Type 'Release'
OS: 'Windows 10  (10.0.19043) 64bit Core' Language: 'ja' Physical Memory: 32698 MB
BatchMode: 1, IsHumanControllingUs: 0, StartBugReporterOnCrash: 0, Is64bit: 1, IsPro: 0

COMMAND LINE ARGUMENTS:
C:\Program Files\2020.3.26f1\Editor\Unity.exe
-adb2
-batchMode
-noUpm
-name
AssetImportWorker0
-projectPath
C:/Unity_Bilder/Wire War io-git
-logFile
Logs/AssetImportWorker0.log
-srvPort
60294
Successfully changed project path to: C:/Unity_Bilder/Wire War io-git
C:/Unity_Bilder/Wire War io-git
Using Asset Import Pipeline V2.
Refreshing native plugins compatible for Editor in 31.51 ms, found 2 plugins.
Preloading 0 native plugins for Editor in 0.00 ms.
Initialize engine version: 2020.3.26f1 (7298b473bc1a)
[Subsystems] Discovering subsystems at path C:/Program Files/2020.3.26f1/Editor/Data/Resources/UnitySubsystems
[Subsystems] Discovering subsystems at path C:/Unity_Bilder/Wire War io-git/Assets
GfxDevice: creating device client; threaded=0
Direct3D:
    Version:  Direct3D 11.0 [level 11.1]
    Renderer: NVIDIA GeForce RTX 3060 (ID=0x2503)
    Vendor:   
    VRAM:     12142 MB
    Driver:   31.0.15.1694
Initialize mono
Mono path[0] = 'C:/Program Files/2020.3.26f1/Editor/Data/Managed'
Mono path[1] = 'C:/Program Files/2020.3.26f1/Editor/Data/MonoBleedingEdge/lib/mono/unityjit'
Mono config path = 'C:/Program Files/2020.3.26f1/Editor/Data/MonoBleedingEdge/etc'
Using monoOptions --debugger-agent=transport=dt_socket,embedding=1,server=y,suspend=n,address=127.0.0.1:56664
Begin MonoManager ReloadAssembly
Registering precompiled unity dll's ...
Register platform support module: C:/Program Files/2020.3.26f1/Editor/Data/PlaybackEngines/WebGLSupport/UnityEditor.WebGL.Extensions.dll
Register platform support module: C:/Program Files/2020.3.26f1/Editor/Data/PlaybackEngines/WindowsStandaloneSupport/UnityEditor.WindowsStandalone.Extensions.dll
Registered in 0.002192 seconds.
Native extension for WindowsStandalone target not found
Native extension for WebGL target not found
Refreshing native plugins compatible for Editor in 34.90 ms, found 2 plugins.
Preloading 0 native plugins for Editor in 0.00 ms.
Mono: successfully reloaded assembly
- Completed reload, in  0.528 seconds
Domain Reload Profiling:
	ReloadAssembly (528ms)
		BeginReloadAssembly (49ms)
			ExecutionOrderSort (0ms)
			DisableScriptedObjects (0ms)
			BackupInstance (0ms)
			ReleaseScriptingObjects (0ms)
			CreateAndSetChildDomain (1ms)
		EndReloadAssembly (411ms)
			LoadAssemblies (47ms)
			RebuildTransferFunctionScriptingTraits (0ms)
			SetupTypeCache (133ms)
			ReleaseScriptCaches (0ms)
			RebuildScriptCaches (33ms)
			SetupLoadedEditorAssemblies (153ms)
				LogAssemblyErrors (0ms)
				InitializePlatformSupportModulesInManaged (5ms)
				SetLoadedEditorAssemblies (0ms)
				RefreshPlugins (35ms)
				BeforeProcessingInitializeOnLoad (16ms)
				ProcessInitializeOnLoadAttributes (72ms)
				ProcessInitializeOnLoadMethodAttributes (24ms)
				AfterProcessingInitializeOnLoad (0ms)
				EditorAssembliesLoaded (0ms)
			ExecutionOrderSort2 (0ms)
			AwakeInstancesAfterBackupRestoration (0ms)
Platform modules already initialized, skipping
Registering precompiled user dll's ...
Registered in 0.003752 seconds.
Begin MonoManager ReloadAssembly
Native extension for WindowsStandalone target not found
Native extension for WebGL target not found
Refreshing native plugins compatible for Editor in 0.36 ms, found 2 plugins.
Preloading 0 native plugins for Editor in 0.00 ms.
Mono: successfully reloaded assembly
- Completed reload, in  0.881 seconds
Domain Reload Profiling:
	ReloadAssembly (882ms)
		BeginReloadAssembly (121ms)
			ExecutionOrderSort (0ms)
			DisableScriptedObjects (4ms)
			BackupInstance (0ms)
			ReleaseScriptingObjects (0ms)
			CreateAndSetChildDomain (17ms)
		EndReloadAssembly (707ms)
			LoadAssemblies (70ms)
			RebuildTransferFunctionScriptingTraits (0ms)
			SetupTypeCache (230ms)
			ReleaseScriptCaches (0ms)
			RebuildScriptCaches (45ms)
			SetupLoadedEditorAssemblies (278ms)
				LogAssemblyErrors (0ms)
				InitializePlatformSupportModulesInManaged (5ms)
				SetLoadedEditorAssemblies (0ms)
				RefreshPlugins (0ms)
				BeforeProcessingInitializeOnLoad (72ms)
				ProcessInitializeOnLoadAttributes (187ms)
				ProcessInitializeOnLoadMethodAttributes (8ms)
				AfterProcessingInitializeOnLoad (5ms)
				EditorAssembliesLoaded (0ms)
			ExecutionOrderSort2 (0ms)
			AwakeInstancesAfterBackupRestoration (6ms)
Platform modules already initialized, skipping
========================================================================
Worker process is ready to serve import requests
Launched and connected shader compiler UnityShaderCompiler.exe after 0.04 seconds
Refreshing native plugins compatible for Editor in 0.38 ms, found 2 plugins.
Preloading 0 native plugins for Editor in 0.00 ms.
Unloading 1503 Unused Serialized files (Serialized files now loaded: 0)
System memory in use before: 71.8 MB.
System memory in use after: 71.8 MB.

Unloading 19 unused Assets to reduce memory usage. Loaded Objects now: 1936.
Total: 3.710800 ms (FindLiveObjects: 0.248100 ms CreateObjectMapping: 0.049600 ms MarkObjects: 3.326700 ms  DeleteObjects: 0.084700 ms)

AssetImportParameters requested are different than current active one (requested -> active):
  custom:framework-win-MediaFoundation: 216162199b28c13a410421893ffa2e32 -> 
  custom:video-decoder-ogg-theora: a1e56fd34408186e4bbccfd4996cb3dc -> 
  custom:container-muxer-webm: aa71ff27fc2769a1b78a27578f13a17b -> 
  custom:container-demuxer-webm: 4f35f7cbe854078d1ac9338744f61a02 -> 
  custom:container-demuxer-ogg: 62fdf1f143b41e24485cea50d1cbac27 -> 
  custom:video-encoder-webm-vp8: eb34c28f22e8b96e1ab97ce403110664 -> 
  custom:video-codec-MediaFoundation-h265: 746d11721c4dcdbdad8f713fa42b33f4 -> 
  custom:video-decoder-webm-vp8: 9c59270c3fd7afecdb556c50c9e8de78 -> 
  custom:audio-decoder-ogg-vorbis: bf7c407c2cedff20999df2af8eb42d56 -> 
  custom:audio-encoder-webm-vorbis: bf7c407c2cedff20999df2af8eb42d56 -> 
========================================================================
Received Import Request.
  path: Assets/AllSkyFree/Cartoon Base BlueSky/Sky_Day_BlueSky_Nothing_Cam_1_Back-Z.png
  artifactKey: Guid(33cbefefe2c7f4e77ac959c74eef5d4d) Importer(815301076,1909f56bfc062723c751e8b465ee728b)
Start importing Assets/AllSkyFree/Cartoon Base BlueSky/Sky_Day_BlueSky_Nothing_Cam_1_Back-Z.png using Guid(33cbefefe2c7f4e77ac959c74eef5d4d) Importer(815301076,1909f56bfc062723c751e8b465ee728b)  -> (artifact id: 'a7a7afc03c6a674ba55828234a500a83') in 0.088956 seconds 
  Import took 0.091599 seconds .

========================================================================
Received Import Request.
  Time since last request: 0.000198 seconds.
  path: Assets/AllSkyFree/_AllSkyFreeDemoEnvironment/Moon Glare.flare
  artifactKey: Guid(abbc1e6231a944490a02e2ad613ec906) Importer(815301076,1909f56bfc062723c751e8b465ee728b)
Start importing Assets/AllSkyFree/_AllSkyFreeDemoEnvironment/Moon Glare.flare using Guid(abbc1e6231a944490a02e2ad613ec906) Importer(815301076,1909f56bfc062723c751e8b465ee728b)  -> (artifact id: 'b7840bef380fede3190af9c324a6f52f') in 0.010746 seconds 
  Import took 0.013317 seconds .

========================================================================
Received Import Request.
  Time since last request: 0.000195 seconds.
  path: Assets/AllSkyFree/_AllSkyFreeDemoEnvironment/AllSky_DemoEnvironment_Center.fbx
  artifactKey: Guid(258cb4865d37b4292be3195af50aaa8c) Importer(815301076,1909f56bfc062723c751e8b465ee728b)
Start importing Assets/AllSkyFree/_AllSkyFreeDemoEnvironment/AllSky_DemoEnvironment_Center.fbx using Guid(258cb4865d37b4292be3195af50aaa8c) Importer(815301076,1909f56bfc062723c751e8b465ee728b)  -> (artifact id: '7258d810f46184ee6f693bafb2ad57f3') in 0.099306 seconds 
  Import took 0.101796 seconds .

========================================================================
Received Import Request.
  Time since last request: 0.000237 seconds.
  path: Assets/AllSkyFree/_AllSkyFreeDemoEnvironment/AllSky_DemoEnvironment_Light.fbx
  artifactKey: Guid(d9ad0f74d68824711bc800186cf63d22) Importer(815301076,1909f56bfc062723c751e8b465ee728b)
Start importing Assets/AllSkyFree/_AllSkyFreeDemoEnvironment/AllSky_DemoEnvironment_Light.fbx using Guid(d9ad0f74d68824711bc800186cf63d22) Importer(815301076,1909f56bfc062723c751e8b465ee728b)  -> (artifact id: '3768f58191684b2079528af4275ebfee') in 0.016224 seconds 
  Import took 0.019193 seconds .

========================================================================
Received Import Request.
  Time since last request: 0.000190 seconds.
  path: Assets/AllSkyFree/Cartoon Base BlueSky/Sky_Day_BlueSky_Nothing_Cam_5_Down-Y.png
  artifactKey: Guid(4c119b81b42684c39873d7738564bcdd) Importer(815301076,1909f56bfc062723c751e8b465ee728b)
Start importing Assets/AllSkyFree/Cartoon Base BlueSky/Sky_Day_BlueSky_Nothing_Cam_5_Down-Y.png using Guid(4c119b81b42684c39873d7738564bcdd) Importer(815301076,1909f56bfc062723c751e8b465ee728b)  -> (artifact id: 'acf0859551afc90136cd42fe3c510514') in 0.011825 seconds 
  Import took 0.014625 seconds .

========================================================================
Received Import Request.
  Time since last request: 0.000197 seconds.
  path: Assets/AllSkyFree/Cartoon Base BlueSky/Sky_Day_BlueSky_Nothing_Cam_0_Front+Z.png
  artifactKey: Guid(d731d71c2b8e94c18b5ef8be277e6773) Importer(815301076,1909f56bfc062723c751e8b465ee728b)
Start importing Assets/AllSkyFree/Cartoon Base BlueSky/Sky_Day_BlueSky_Nothing_Cam_0_Front+Z.png using Guid(d731d71c2b8e94c18b5ef8be277e6773) Importer(815301076,1909f56bfc062723c751e8b465ee728b)  -> (artifact id: '51d07b1a396debaa5259182557c60cba') in 0.011366 seconds 
  Import took 0.014127 seconds .

========================================================================
Received Import Request.
  Time since last request: 0.000198 seconds.
  path: Assets/AllSkyFree/_AllSkyFreeDemoEnvironment/SunGlow.prefab
  artifactKey: Guid(77c6a14c272c145258604a1a07246e46) Importer(815301076,1909f56bfc062723c751e8b465ee728b)
Start importing Assets/AllSkyFree/_AllSkyFreeDemoEnvironment/SunGlow.prefab using Guid(77c6a14c272c145258604a1a07246e46) Importer(815301076,1909f56bfc062723c751e8b465ee728b)  -> (artifact id: '90aea5771ba071e8c29484aad6c699e0') in 0.010515 seconds 
  Import took 0.013367 seconds .

========================================================================
Received Import Request.
  Time since last request: 0.000229 seconds.
  path: Assets/AllSkyFree/Cartoon Base BlueSky/Sky_Day_BlueSky_Nothing_Cam_4_Up+Y.png
  artifactKey: Guid(5cf2d5ca2357a4d4fb98ebc5b6034e72) Importer(815301076,1909f56bfc062723c751e8b465ee728b)
Start importing Assets/AllSkyFree/Cartoon Base BlueSky/Sky_Day_BlueSky_Nothing_Cam_4_Up+Y.png using Guid(5cf2d5ca2357a4d4fb98ebc5b6034e72) Importer(815301076,1909f56bfc062723c751e8b465ee728b)  -> (artifact id: 'd358fb892a725c772debbdf77e18598a') in 0.014589 seconds 
  Import took 0.017462 seconds .

========================================================================
Received Import Request.
  Time since last request: 0.000266 seconds.
  path: Assets/AllSkyFree/Cartoon Base BlueSky/Sky_Day_BlueSky_Nothing_Cam_3_Right-X.png
  artifactKey: Guid(d3b809c8b33ff46faa4245f0bca7e6fe) Importer(815301076,1909f56bfc062723c751e8b465ee728b)
Start importing Assets/AllSkyFree/Cartoon Base BlueSky/Sky_Day_BlueSky_Nothing_Cam_3_Right-X.png using Guid(d3b809c8b33ff46faa4245f0bca7e6fe) Importer(815301076,1909f56bfc062723c751e8b465ee728b)  -> (artifact id: '3b1d9825afaf9e11a80359de9ec58dd6') in 0.013008 seconds 
  Import took 0.016072 seconds .

========================================================================
Received Import Request.
  Time since last request: 0.000224 seconds.
  path: Assets/AllSkyFree/Cartoon Base BlueSky/Day_BlueSky_Nothing Equirect.mat
  artifactKey: Guid(73324b55f67f54c7bbf43204788b8bbe) Importer(815301076,1909f56bfc062723c751e8b465ee728b)
Start importing Assets/AllSkyFree/Cartoon Base BlueSky/Day_BlueSky_Nothing Equirect.mat using Guid(73324b55f67f54c7bbf43204788b8bbe) Importer(815301076,1909f56bfc062723c751e8b465ee728b)  -> (artifact id: '6ef30385a9d928a760df45d8467c6607') in 0.088918 seconds 
  Import took 0.093089 seconds .

========================================================================
Received Import Request.
  Time since last request: 0.000189 seconds.
  path: Assets/AllSkyFree/_AllSkyFreeDemoEnvironment/AllSkyFreeDemoEnvironment.prefab
  artifactKey: Guid(e2402d4ef4fe747ae9ad59bdccad4556) Importer(815301076,1909f56bfc062723c751e8b465ee728b)
Start importing Assets/AllSkyFree/_AllSkyFreeDemoEnvironment/AllSkyFreeDemoEnvironment.prefab using Guid(e2402d4ef4fe747ae9ad59bdccad4556) Importer(815301076,1909f56bfc062723c751e8b465ee728b)  -> (artifact id: '042d569a1125722e7dada6d3cdb5a425') in 0.379836 seconds 
  Import took 0.382454 seconds .

========================================================================
Received Import Request.
  Time since last request: 0.000161 seconds.
  path: Assets/AllSkyFree/Cartoon Base BlueSky/Sky_Day_BlueSky_Nothing_Cam_2_Left+X.png
  artifactKey: Guid(6b8f010ba933d4f01bdedec2c1a8a025) Importer(815301076,1909f56bfc062723c751e8b465ee728b)
Start importing Assets/AllSkyFree/Cartoon Base BlueSky/Sky_Day_BlueSky_Nothing_Cam_2_Left+X.png using Guid(6b8f010ba933d4f01bdedec2c1a8a025) Importer(815301076,1909f56bfc062723c751e8b465ee728b)  -> (artifact id: 'd118ed040f5b6772a88bd3d9413e585a') in 0.011664 seconds 
  Import took 0.014042 seconds .

========================================================================
Received Import Request.
  Time since last request: 0.000185 seconds.
  path: Assets/AllSkyFree/Cartoon Base BlueSky/Sky_Day_BlueSky_Equirect.png
  artifactKey: Guid(d4c8dc343ae5d4673b7720ffdb1ddf00) Importer(815301076,1909f56bfc062723c751e8b465ee728b)
Start importing Assets/AllSkyFree/Cartoon Base BlueSky/Sky_Day_BlueSky_Equirect.png using Guid(d4c8dc343ae5d4673b7720ffdb1ddf00) Importer(815301076,1909f56bfc062723c751e8b465ee728b)  -> (artifact id: 'faa4f045a6716c90a135fe8790ef4359') in 0.294684 seconds 
  Import took 0.298854 seconds .

========================================================================
Received Import Request.
  Time since last request: 0.000201 seconds.
  path: Assets/AllSkyFree/Cartoon Base BlueSky/Day_BlueSky_Nothing.mat
  artifactKey: Guid(c56e28e54cac24b04ae3dd957d214534) Importer(815301076,1909f56bfc062723c751e8b465ee728b)
Start importing Assets/AllSkyFree/Cartoon Base BlueSky/Day_BlueSky_Nothing.mat using Guid(c56e28e54cac24b04ae3dd957d214534) Importer(815301076,1909f56bfc062723c751e8b465ee728b)  -> (artifact id: 'ef0f0dfe5e9e1139d10eb68c8918915c') in 0.159706 seconds 
  Import took 0.162876 seconds .

========================================================================
Received Import Request.
  Time since last request: 0.000238 seconds.
  path: Assets/AllSkyFree/_AllSkyFreeDemoEnvironment/Sun Glare.flare
  artifactKey: Guid(b5a6cf5f31f1943c587519cdea1e27dc) Importer(815301076,1909f56bfc062723c751e8b465ee728b)
Start importing Assets/AllSkyFree/_AllSkyFreeDemoEnvironment/Sun Glare.flare using Guid(b5a6cf5f31f1943c587519cdea1e27dc) Importer(815301076,1909f56bfc062723c751e8b465ee728b)  -> (artifact id: '4998b5c119c59aaea8ba349f126b39b1') in 0.010660 seconds 
  Import took 0.013958 seconds .

========================================================================
Received Import Request.
  Time since last request: 0.000200 seconds.
  path: Assets/AllSkyFree/_AllSkyFreeDemoEnvironment/MoonGlow.prefab
  artifactKey: Guid(cbbc4ba2ae44f43b1b809ffb964ac38e) Importer(815301076,1909f56bfc062723c751e8b465ee728b)
Start importing Assets/AllSkyFree/_AllSkyFreeDemoEnvironment/MoonGlow.prefab using Guid(cbbc4ba2ae44f43b1b809ffb964ac38e) Importer(815301076,1909f56bfc062723c751e8b465ee728b)  -> (artifact id: '20ecdd105bdf7d03d2c2414601533618') in 0.011021 seconds 
  Import took 0.013776 seconds .

========================================================================
Received Import Request.
  Time since last request: 0.000259 seconds.
  path: Assets/AllSkyFree/_AllSkyFreeDemoEnvironment/Mountain Glare.flare
  artifactKey: Guid(2a00ea45fcd354f66aa8d68da3f62026) Importer(815301076,1909f56bfc062723c751e8b465ee728b)
Start importing Assets/AllSkyFree/_AllSkyFreeDemoEnvironment/Mountain Glare.flare using Guid(2a00ea45fcd354f66aa8d68da3f62026) Importer(815301076,1909f56bfc062723c751e8b465ee728b)  -> (artifact id: 'b9cd047003a3a047d1b5056372868126') in 0.009491 seconds 
  Import took 0.014607 seconds .

========================================================================
Received Import Request.
  Time since last request: 0.000835 seconds.
  path: Assets/AllSkyFree/_AllSkyFreeDemoEnvironment/SunGlare.psd
  artifactKey: Guid(85a4e5125000348519b7a18a518e6a69) Importer(815301076,1909f56bfc062723c751e8b465ee728b)
Start importing Assets/AllSkyFree/_AllSkyFreeDemoEnvironment/SunGlare.psd using Guid(85a4e5125000348519b7a18a518e6a69) Importer(815301076,1909f56bfc062723c751e8b465ee728b)  -> (artifact id: '3edc187413ca1a741ad4afbc4ccee0d2') in 0.019407 seconds 
  Import took 0.024555 seconds .

========================================================================
Received Import Request.
  Time since last request: 10.325380 seconds.
  path: Assets/AllSkyFree/Cold Night/Cold Night Equirect.mat
  artifactKey: Guid(eac2ef371405749e0bd050b4c3272f16) Importer(815301076,1909f56bfc062723c751e8b465ee728b)
Start importing Assets/AllSkyFree/Cold Night/Cold Night Equirect.mat using Guid(eac2ef371405749e0bd050b4c3272f16) Importer(815301076,1909f56bfc062723c751e8b465ee728b)  -> (artifact id: 'f841a4285cfd65c01ef151423ac8544b') in 0.024589 seconds 
  Import took 0.028768 seconds .

========================================================================
Received Import Request.
  Time since last request: 0.000207 seconds.
  path: Assets/AllSkyFree/Cold Night/Cold Night__Cam_4_Up+Y.png
  artifactKey: Guid(3d6928c404a7c46c3991bb1b73521d66) Importer(815301076,1909f56bfc062723c751e8b465ee728b)
Start importing Assets/AllSkyFree/Cold Night/Cold Night__Cam_4_Up+Y.png using Guid(3d6928c404a7c46c3991bb1b73521d66) Importer(815301076,1909f56bfc062723c751e8b465ee728b)  -> (artifact id: 'e8a2f1055cf5940d936f21be6a1e97a7') in 0.012932 seconds 
  Import took 0.015380 seconds .

========================================================================
Received Import Request.
  Time since last request: 0.000169 seconds.
  path: Assets/AllSkyFree/Cold Night/Cold Night__Cam_5_Down-Y.png
  artifactKey: Guid(8cab6aa3331da40e68754e2214ce08fa) Importer(815301076,1909f56bfc062723c751e8b465ee728b)
Start importing Assets/AllSkyFree/Cold Night/Cold Night__Cam_5_Down-Y.png using Guid(8cab6aa3331da40e68754e2214ce08fa) Importer(815301076,1909f56bfc062723c751e8b465ee728b)  -> (artifact id: '1a3fd6d6be063606b912e60ae8abbd6e') in 0.013603 seconds 
  Import took 0.016049 seconds .

========================================================================
Received Import Request.
  Time since last request: 0.000200 seconds.
  path: Assets/AllSkyFree/Cold Night/Cold Night Equirect.png
  artifactKey: Guid(97259d0c0ea9f491692be825da27978a) Importer(815301076,1909f56bfc062723c751e8b465ee728b)
Start importing Assets/AllSkyFree/Cold Night/Cold Night Equirect.png using Guid(97259d0c0ea9f491692be825da27978a) Importer(815301076,1909f56bfc062723c751e8b465ee728b)  -> (artifact id: 'a90f341a6a8fcc88fec02aa7f64468b5') in 0.212400 seconds 
  Import took 0.216104 seconds .

========================================================================
Received Import Request.
  Time since last request: 0.000186 seconds.
  path: Assets/AllSkyFree/Cold Night/Cold Night.mat
  artifactKey: Guid(9af23ba5fa5364ff598888460e0e2759) Importer(815301076,1909f56bfc062723c751e8b465ee728b)
Start importing Assets/AllSkyFree/Cold Night/Cold Night.mat using Guid(9af23ba5fa5364ff598888460e0e2759) Importer(815301076,1909f56bfc062723c751e8b465ee728b)  -> (artifact id: 'ed441c072175d5c318a58157462fac0f') in 0.027372 seconds 
  Import took 0.030919 seconds .

========================================================================
Received Import Request.
  Time since last request: 0.000200 seconds.
  path: Assets/AllSkyFree/Cold Night/Cold Night__Cam_1_Back-Z.png
  artifactKey: Guid(7a03001a6d7c746a2a2467b3b3f51660) Importer(815301076,1909f56bfc062723c751e8b465ee728b)
Start importing Assets/AllSkyFree/Cold Night/Cold Night__Cam_1_Back-Z.png using Guid(7a03001a6d7c746a2a2467b3b3f51660) Importer(815301076,1909f56bfc062723c751e8b465ee728b)  -> (artifact id: '96ff59da51ff778076d551bb9f320d88') in 0.010469 seconds 
  Import took 0.012861 seconds .

========================================================================
Received Import Request.
  Time since last request: 0.000202 seconds.
  path: Assets/AllSkyFree/Cold Night/Cold Night__Cam_0_Front+Z.png
  artifactKey: Guid(aad96e1c2baf24d3499e2ea1426ab824) Importer(815301076,1909f56bfc062723c751e8b465ee728b)
Start importing Assets/AllSkyFree/Cold Night/Cold Night__Cam_0_Front+Z.png using Guid(aad96e1c2baf24d3499e2ea1426ab824) Importer(815301076,1909f56bfc062723c751e8b465ee728b)  -> (artifact id: '39cfb496024c2066473f410ee1124987') in 0.011616 seconds 
  Import took 0.014223 seconds .

========================================================================
Received Import Request.
  Time since last request: 0.000173 seconds.
  path: Assets/AllSkyFree/Cold Night/Cold Night__Cam_3_Right-X.png
  artifactKey: Guid(2b201733d2df84602b3020984df58790) Importer(815301076,1909f56bfc062723c751e8b465ee728b)
Start importing Assets/AllSkyFree/Cold Night/Cold Night__Cam_3_Right-X.png using Guid(2b201733d2df84602b3020984df58790) Importer(815301076,1909f56bfc062723c751e8b465ee728b)  -> (artifact id: '7540052dc45695aa5e9f2616a230581d') in 0.011301 seconds 
  Import took 0.013414 seconds .

========================================================================
Received Import Request.
  Time since last request: 0.000195 seconds.
  path: Assets/AllSkyFree/Cold Night/Cold Night__Cam_2_Left+X.png
  artifactKey: Guid(3aa922ca8577f4f66b8810ab41310933) Importer(815301076,1909f56bfc062723c751e8b465ee728b)
Start importing Assets/AllSkyFree/Cold Night/Cold Night__Cam_2_Left+X.png using Guid(3aa922ca8577f4f66b8810ab41310933) Importer(815301076,1909f56bfc062723c751e8b465ee728b)  -> (artifact id: '955e0968499cd69ace12727ddb5b07ed') in 0.011795 seconds 
  Import took 0.014136 seconds .

========================================================================
Received Import Request.
  Time since last request: 9.654856 seconds.
  path: Assets/AllSkyFree/Cartoon Base NightSky/Cartoon Base NightSky Equirect.mat
  artifactKey: Guid(3a6db933fef1d4c759bf21220420505f) Importer(815301076,1909f56bfc062723c751e8b465ee728b)
Start importing Assets/AllSkyFree/Cartoon Base NightSky/Cartoon Base NightSky Equirect.mat using Guid(3a6db933fef1d4c759bf21220420505f) Importer(815301076,1909f56bfc062723c751e8b465ee728b)  -> (artifact id: 'c04a40e06b448ed88930dcea638895c7') in 0.024640 seconds 
  Import took 0.028646 seconds .

========================================================================
Received Import Request.
  Time since last request: 0.000180 seconds.
  path: Assets/AllSkyFree/Cartoon Base NightSky/Cartoon Base NightSky Equirect.png
  artifactKey: Guid(7659947706e294d97a22faa1d4011724) Importer(815301076,1909f56bfc062723c751e8b465ee728b)
Start importing Assets/AllSkyFree/Cartoon Base NightSky/Cartoon Base NightSky Equirect.png using Guid(7659947706e294d97a22faa1d4011724) Importer(815301076,1909f56bfc062723c751e8b465ee728b)  -> (artifact id: 'a7b52cac0c1badba5be4019bfed63f72') in 0.219360 seconds 
  Import took 0.223614 seconds .

========================================================================
Received Import Request.
  Time since last request: 0.000220 seconds.
  path: Assets/AllSkyFree/Cartoon Base NightSky/Cartoon Base NightSky_Cam_4_Up+Y.png
  artifactKey: Guid(d8144633fec3342d9b7d9388377fb2a6) Importer(815301076,1909f56bfc062723c751e8b465ee728b)
Start importing Assets/AllSkyFree/Cartoon Base NightSky/Cartoon Base NightSky_Cam_4_Up+Y.png using Guid(d8144633fec3342d9b7d9388377fb2a6) Importer(815301076,1909f56bfc062723c751e8b465ee728b)  -> (artifact id: 'ef8e99ce4999f1871c65ac3bc0140b2e') in 0.013767 seconds 
  Import took 0.016899 seconds .

========================================================================
Received Import Request.
  Time since last request: 0.000206 seconds.
  path: Assets/AllSkyFree/Cartoon Base NightSky/Cartoon Base NightSky_Cam_3_Right-X.png
  artifactKey: Guid(69090bcf98b624e77a2f519630debe54) Importer(815301076,1909f56bfc062723c751e8b465ee728b)
Start importing Assets/AllSkyFree/Cartoon Base NightSky/Cartoon Base NightSky_Cam_3_Right-X.png using Guid(69090bcf98b624e77a2f519630debe54) Importer(815301076,1909f56bfc062723c751e8b465ee728b)  -> (artifact id: '325ad94db03fcc694bcdbdc5e2797287') in 0.017809 seconds 
  Import took 0.021021 seconds .

========================================================================
Received Import Request.
  Time since last request: 0.000251 seconds.
  path: Assets/AllSkyFree/Cartoon Base NightSky/Cartoon Base NightSky.mat
  artifactKey: Guid(aa78c8d403a8547fe86d1f74239e6b03) Importer(815301076,1909f56bfc062723c751e8b465ee728b)
Start importing Assets/AllSkyFree/Cartoon Base NightSky/Cartoon Base NightSky.mat using Guid(aa78c8d403a8547fe86d1f74239e6b03) Importer(815301076,1909f56bfc062723c751e8b465ee728b)  -> (artifact id: 'c192e309b9303b045dec3a53013cd32e') in 0.041976 seconds 
  Import took 0.045658 seconds .

========================================================================
Received Import Request.
  Time since last request: 0.000180 seconds.
  path: Assets/AllSkyFree/Cartoon Base NightSky/Cartoon Base NightSky_Cam_2_Left+X.png
  artifactKey: Guid(30795c4c7d28549fc98ea24071c47626) Importer(815301076,1909f56bfc062723c751e8b465ee728b)
Start importing Assets/AllSkyFree/Cartoon Base NightSky/Cartoon Base NightSky_Cam_2_Left+X.png using Guid(30795c4c7d28549fc98ea24071c47626) Importer(815301076,1909f56bfc062723c751e8b465ee728b)  -> (artifact id: 'fe44bcedc98ae1e5b1b3933ce9c0b9cd') in 0.011699 seconds 
  Import took 0.014124 seconds .

========================================================================
Received Import Request.
  Time since last request: 0.000170 seconds.
  path: Assets/AllSkyFree/Cartoon Base NightSky/Cartoon Base NightSky_Cam_1_Back-Z.png
  artifactKey: Guid(baee46fd4fc8d4898864f4963bb39f34) Importer(815301076,1909f56bfc062723c751e8b465ee728b)
Start importing Assets/AllSkyFree/Cartoon Base NightSky/Cartoon Base NightSky_Cam_1_Back-Z.png using Guid(baee46fd4fc8d4898864f4963bb39f34) Importer(815301076,1909f56bfc062723c751e8b465ee728b)  -> (artifact id: '1ef085ffab8c1b3bdfb5d71b8c139ee3') in 0.013133 seconds 
  Import took 0.015343 seconds .

========================================================================
Received Import Request.
  Time since last request: 0.000152 seconds.
  path: Assets/AllSkyFree/Cartoon Base NightSky/Cartoon Base NightSky_Cam_0_Front+Z.png
  artifactKey: Guid(5cd44424375bd4ad69191a50c41ec04d) Importer(815301076,1909f56bfc062723c751e8b465ee728b)
Start importing Assets/AllSkyFree/Cartoon Base NightSky/Cartoon Base NightSky_Cam_0_Front+Z.png using Guid(5cd44424375bd4ad69191a50c41ec04d) Importer(815301076,1909f56bfc062723c751e8b465ee728b)  -> (artifact id: '79babc41606b2e1ce8f56c0f8e698eb1') in 0.013594 seconds 
  Import took 0.015753 seconds .

========================================================================
Received Import Request.
  Time since last request: 0.000160 seconds.
  path: Assets/AllSkyFree/Cartoon Base NightSky/Cartoon Base NightSky_Cam_5_Down-Y.png
  artifactKey: Guid(e23c4e30896d34af5beb066fcf2790c7) Importer(815301076,1909f56bfc062723c751e8b465ee728b)
Start importing Assets/AllSkyFree/Cartoon Base NightSky/Cartoon Base NightSky_Cam_5_Down-Y.png using Guid(e23c4e30896d34af5beb066fcf2790c7) Importer(815301076,1909f56bfc062723c751e8b465ee728b)  -> (artifact id: '1e0859bb8645191adf376405bc1015c1') in 0.013129 seconds 
  Import took 0.015430 seconds .

========================================================================
Received Import Request.
  Time since last request: 0.785226 seconds.
  path: Assets/AllSkyFree/Deep Dusk/Deep Dusk Equirect.mat
  artifactKey: Guid(c82a334cf5a5e47978749c210cee72a7) Importer(815301076,1909f56bfc062723c751e8b465ee728b)
Start importing Assets/AllSkyFree/Deep Dusk/Deep Dusk Equirect.mat using Guid(c82a334cf5a5e47978749c210cee72a7) Importer(815301076,1909f56bfc062723c751e8b465ee728b)  -> (artifact id: '0732a2a0cd6acf645d6c6fe4f7bf58ec') in 0.025029 seconds 
  Import took 0.029228 seconds .

========================================================================
Received Import Request.
  Time since last request: 0.000149 seconds.
  path: Assets/AllSkyFree/Deep Dusk/Deep Dusk__Cam_4_Up+Y.png
  artifactKey: Guid(d6efad16563c1446d86a121dbb004300) Importer(815301076,1909f56bfc062723c751e8b465ee728b)
Start importing Assets/AllSkyFree/Deep Dusk/Deep Dusk__Cam_4_Up+Y.png using Guid(d6efad16563c1446d86a121dbb004300) Importer(815301076,1909f56bfc062723c751e8b465ee728b)  -> (artifact id: 'd54a1ea3c9936cf3eeaff3028bd7c05c') in 0.013159 seconds 
  Import took 0.015967 seconds .

========================================================================
Received Import Request.
  Time since last request: 0.000236 seconds.
  path: Assets/AllSkyFree/Deep Dusk/Deep Dusk__Cam_5_Down-Y.png
  artifactKey: Guid(2e38ed7c39e8e4314930da8a86ae7a88) Importer(815301076,1909f56bfc062723c751e8b465ee728b)
Start importing Assets/AllSkyFree/Deep Dusk/Deep Dusk__Cam_5_Down-Y.png using Guid(2e38ed7c39e8e4314930da8a86ae7a88) Importer(815301076,1909f56bfc062723c751e8b465ee728b)  -> (artifact id: '37c3e37181a95c4d22f4dd2f6dbb15ca') in 0.019683 seconds 
  Import took 0.022101 seconds .

========================================================================
Received Import Request.
  Time since last request: 0.000196 seconds.
  path: Assets/AllSkyFree/Deep Dusk/Deep Dusk__Cam_0_Front+Z.png
  artifactKey: Guid(5fdaaa9d974104e6d8f9e575170a0c70) Importer(815301076,1909f56bfc062723c751e8b465ee728b)
Start importing Assets/AllSkyFree/Deep Dusk/Deep Dusk__Cam_0_Front+Z.png using Guid(5fdaaa9d974104e6d8f9e575170a0c70) Importer(815301076,1909f56bfc062723c751e8b465ee728b)  -> (artifact id: 'bd4e5fca1a06ab120d1845ae31f04906') in 0.012321 seconds 
  Import took 0.014412 seconds .

========================================================================
Received Import Request.
  Time since last request: 0.000213 seconds.
  path: Assets/AllSkyFree/Deep Dusk/Deep Dusk__Cam_2_Left+X.png
  artifactKey: Guid(519e05b7b3cd14409b4a22d07660cfc8) Importer(815301076,1909f56bfc062723c751e8b465ee728b)
Start importing Assets/AllSkyFree/Deep Dusk/Deep Dusk__Cam_2_Left+X.png using Guid(519e05b7b3cd14409b4a22d07660cfc8) Importer(815301076,1909f56bfc062723c751e8b465ee728b)  -> (artifact id: '2924e4c943f65227e183e40466cfc76f') in 0.011523 seconds 
  Import took 0.014351 seconds .

========================================================================
Received Import Request.
  Time since last request: 0.000175 seconds.
  path: Assets/AllSkyFree/Deep Dusk/Deep Dusk.mat
  artifactKey: Guid(b4f152e0498484391a9f0d5a1facf03b) Importer(815301076,1909f56bfc062723c751e8b465ee728b)
Start importing Assets/AllSkyFree/Deep Dusk/Deep Dusk.mat using Guid(b4f152e0498484391a9f0d5a1facf03b) Importer(815301076,1909f56bfc062723c751e8b465ee728b)  -> (artifact id: 'b50d4aa2a89661561e0ce72d37e08c75') in 0.025635 seconds 
  Import took 0.028984 seconds .

========================================================================
Received Import Request.
  Time since last request: 0.000178 seconds.
  path: Assets/AllSkyFree/Deep Dusk/Deep Dusk__Cam_3_Right-X.png
  artifactKey: Guid(47551dad0d90646a9a5dac436076f38a) Importer(815301076,1909f56bfc062723c751e8b465ee728b)
Start importing Assets/AllSkyFree/Deep Dusk/Deep Dusk__Cam_3_Right-X.png using Guid(47551dad0d90646a9a5dac436076f38a) Importer(815301076,1909f56bfc062723c751e8b465ee728b)  -> (artifact id: 'daad01fa77abb94a2a92f92be151f163') in 0.011447 seconds 
  Import took 0.013792 seconds .

========================================================================
Received Import Request.
  Time since last request: 0.000182 seconds.
  path: Assets/AllSkyFree/Deep Dusk/Deep Dusk__Cam_1_Back-Z.png
  artifactKey: Guid(5e2aba0844c5a4c2ca77ba49a1ea08d5) Importer(815301076,1909f56bfc062723c751e8b465ee728b)
Start importing Assets/AllSkyFree/Deep Dusk/Deep Dusk__Cam_1_Back-Z.png using Guid(5e2aba0844c5a4c2ca77ba49a1ea08d5) Importer(815301076,1909f56bfc062723c751e8b465ee728b)  -> (artifact id: 'c55c8d76f2981d68be39198d2b423993') in 0.018193 seconds 
  Import took 0.020413 seconds .

========================================================================
Received Import Request.
  Time since last request: 0.000175 seconds.
  path: Assets/AllSkyFree/Deep Dusk/Deep Dusk Equirect.png
  artifactKey: Guid(66e51860485ae4048a30f7e029e65af7) Importer(815301076,1909f56bfc062723c751e8b465ee728b)
Start importing Assets/AllSkyFree/Deep Dusk/Deep Dusk Equirect.png using Guid(66e51860485ae4048a30f7e029e65af7) Importer(815301076,1909f56bfc062723c751e8b465ee728b)  -> (artifact id: 'e2def3973917d15a7ac4227599b2ddfd') in 0.215306 seconds 
  Import took 0.219355 seconds .

========================================================================
Received Import Request.
  Time since last request: 4.888477 seconds.
  path: Assets/AllSkyFree/Epic_BlueSunset/Epic_BlueSunset Equirect.mat
  artifactKey: Guid(cdbb40e11399e4a17882ada20a1b896a) Importer(815301076,1909f56bfc062723c751e8b465ee728b)
Start importing Assets/AllSkyFree/Epic_BlueSunset/Epic_BlueSunset Equirect.mat using Guid(cdbb40e11399e4a17882ada20a1b896a) Importer(815301076,1909f56bfc062723c751e8b465ee728b)  -> (artifact id: 'd0b462eb6570defc9f3570a9ad23c29c') in 0.023663 seconds 
  Import took 0.027508 seconds .

========================================================================
Received Import Request.
  Time since last request: 0.000159 seconds.
  path: Assets/AllSkyFree/Epic_BlueSunset/Epic_BlueSunset_Cam_4_Up+Y.png
  artifactKey: Guid(912bf47cb4f5f4c6ea43b7a8bd2eb0e5) Importer(815301076,1909f56bfc062723c751e8b465ee728b)
Start importing Assets/AllSkyFree/Epic_BlueSunset/Epic_BlueSunset_Cam_4_Up+Y.png using Guid(912bf47cb4f5f4c6ea43b7a8bd2eb0e5) Importer(815301076,1909f56bfc062723c751e8b465ee728b)  -> (artifact id: '8e856294d1ab8058467eeeee7f7b63cd') in 0.011567 seconds 
  Import took 0.013953 seconds .

========================================================================
Received Import Request.
  Time since last request: 0.000137 seconds.
  path: Assets/AllSkyFree/Epic_BlueSunset/Epic_BlueSunset.mat
  artifactKey: Guid(7416536dbe0334cfd888dd1beb75a9fb) Importer(815301076,1909f56bfc062723c751e8b465ee728b)
Start importing Assets/AllSkyFree/Epic_BlueSunset/Epic_BlueSunset.mat using Guid(7416536dbe0334cfd888dd1beb75a9fb) Importer(815301076,1909f56bfc062723c751e8b465ee728b)  -> (artifact id: '53ecb0d1bdcd0694d4e2511d730274b5') in 0.154984 seconds 
  Import took 0.158292 seconds .

========================================================================
Received Import Request.
  Time since last request: 0.000200 seconds.
  path: Assets/AllSkyFree/Epic_BlueSunset/Epic_BlueSunset_Cam_1_Back-Z.png
  artifactKey: Guid(cbdb0c81375e549b1bae3506c1863a68) Importer(815301076,1909f56bfc062723c751e8b465ee728b)
Start importing Assets/AllSkyFree/Epic_BlueSunset/Epic_BlueSunset_Cam_1_Back-Z.png using Guid(cbdb0c81375e549b1bae3506c1863a68) Importer(815301076,1909f56bfc062723c751e8b465ee728b)  -> (artifact id: '168bf5623605fd0ed84fbdbb7fc09fc1') in 0.013183 seconds 
  Import took 0.015752 seconds .

========================================================================
Received Import Request.
  Time since last request: 0.000200 seconds.
  path: Assets/AllSkyFree/Epic_BlueSunset/Epic_BlueSunset_Cam_2_Left+X.png
  artifactKey: Guid(604c8e250817f485c97f85e8237f7524) Importer(815301076,1909f56bfc062723c751e8b465ee728b)
Start importing Assets/AllSkyFree/Epic_BlueSunset/Epic_BlueSunset_Cam_2_Left+X.png using Guid(604c8e250817f485c97f85e8237f7524) Importer(815301076,1909f56bfc062723c751e8b465ee728b)  -> (artifact id: '62c64033493e52fd8fb3674ef5625c74') in 0.013114 seconds 
  Import took 0.015977 seconds .

========================================================================
Received Import Request.
  Time since last request: 0.000181 seconds.
  path: Assets/AllSkyFree/Epic_BlueSunset/Epic_BlueSunset_Cam_3_Right-X.png
  artifactKey: Guid(04869052f46ba428caebe862513e3b5d) Importer(815301076,1909f56bfc062723c751e8b465ee728b)
Start importing Assets/AllSkyFree/Epic_BlueSunset/Epic_BlueSunset_Cam_3_Right-X.png using Guid(04869052f46ba428caebe862513e3b5d) Importer(815301076,1909f56bfc062723c751e8b465ee728b)  -> (artifact id: '6a4d4985cd184697844ca7c27ad28ffe') in 0.015433 seconds 
  Import took 0.019161 seconds .

========================================================================
Received Import Request.
  Time since last request: 0.000424 seconds.
  path: Assets/AllSkyFree/Epic_BlueSunset/Epic_BlueSunset_EquiRect_flat.png
  artifactKey: Guid(e71fc492f440446b99875b8e1df890ba) Importer(815301076,1909f56bfc062723c751e8b465ee728b)
Start importing Assets/AllSkyFree/Epic_BlueSunset/Epic_BlueSunset_EquiRect_flat.png using Guid(e71fc492f440446b99875b8e1df890ba) Importer(815301076,1909f56bfc062723c751e8b465ee728b)  -> (artifact id: 'af316020c638c762e8a1540ee32ea4b5') in 0.252993 seconds 
  Import took 0.258249 seconds .

========================================================================
Received Import Request.
  Time since last request: 0.000202 seconds.
  path: Assets/AllSkyFree/Epic_BlueSunset/Epic_BlueSunset_Cam_0_Front+Z.png
  artifactKey: Guid(33dc9d88f32144697ba9777ee1aaae7b) Importer(815301076,1909f56bfc062723c751e8b465ee728b)
Start importing Assets/AllSkyFree/Epic_BlueSunset/Epic_BlueSunset_Cam_0_Front+Z.png using Guid(33dc9d88f32144697ba9777ee1aaae7b) Importer(815301076,1909f56bfc062723c751e8b465ee728b)  -> (artifact id: '19d11bd97506b96805883e19d0997b9f') in 0.020646 seconds 
  Import took 0.024664 seconds .

========================================================================
Received Import Request.
  Time since last request: 0.000288 seconds.
  path: Assets/AllSkyFree/Epic_BlueSunset/Epic_BlueSunset_Cam_5_Down-Y.png
  artifactKey: Guid(3e1c1042c332d4444bfe47799ff3e0d3) Importer(815301076,1909f56bfc062723c751e8b465ee728b)
Start importing Assets/AllSkyFree/Epic_BlueSunset/Epic_BlueSunset_Cam_5_Down-Y.png using Guid(3e1c1042c332d4444bfe47799ff3e0d3) Importer(815301076,1909f56bfc062723c751e8b465ee728b)  -> (artifact id: '631e4c3c805296b2c32f1a1ac9975632') in 0.013518 seconds 
  Import took 0.016475 seconds .

========================================================================
Received Import Request.
  Time since last request: 7.854375 seconds.
  path: Assets/AllSkyFree/Epic_GloriousPink/Epic_GloriousPink_Cam_1_Back-Z.png
  artifactKey: Guid(8e7251cff63ea413db367d2893f57bf6) Importer(815301076,1909f56bfc062723c751e8b465ee728b)
Start importing Assets/AllSkyFree/Epic_GloriousPink/Epic_GloriousPink_Cam_1_Back-Z.png using Guid(8e7251cff63ea413db367d2893f57bf6) Importer(815301076,1909f56bfc062723c751e8b465ee728b)  -> (artifact id: 'ff92aa8d3dbf4141b07057449cd33dcd') in 0.010975 seconds 
  Import took 0.013450 seconds .

========================================================================
Received Import Request.
  Time since last request: 0.000210 seconds.
  path: Assets/AllSkyFree/Epic_GloriousPink/Epic_GloriousPink_Cam_2_Left+X.png
  artifactKey: Guid(c85a861fbad8f45169567bbfa332ecf8) Importer(815301076,1909f56bfc062723c751e8b465ee728b)
Start importing Assets/AllSkyFree/Epic_GloriousPink/Epic_GloriousPink_Cam_2_Left+X.png using Guid(c85a861fbad8f45169567bbfa332ecf8) Importer(815301076,1909f56bfc062723c751e8b465ee728b)  -> (artifact id: '107475cf22e5b1dc9971b8b3a56f89d6') in 0.018730 seconds 
  Import took 0.020948 seconds .

========================================================================
Received Import Request.
  Time since last request: 0.000185 seconds.
  path: Assets/AllSkyFree/Epic_GloriousPink/Epic_GloriousPink_Cam_3_Right-X.png
  artifactKey: Guid(938f8444195114ab791cdba8f627e3e7) Importer(815301076,1909f56bfc062723c751e8b465ee728b)
Start importing Assets/AllSkyFree/Epic_GloriousPink/Epic_GloriousPink_Cam_3_Right-X.png using Guid(938f8444195114ab791cdba8f627e3e7) Importer(815301076,1909f56bfc062723c751e8b465ee728b)  -> (artifact id: 'd1e4b71384066014511e16c539c54736') in 0.023502 seconds 
  Import took 0.025918 seconds .

========================================================================
Received Import Request.
  Time since last request: 0.000180 seconds.
  path: Assets/AllSkyFree/Epic_GloriousPink/Epic_GloriousPink_Cam_4_Up+Y.png
  artifactKey: Guid(c3e1d31cf8ef742ad8aed75a1fdaff49) Importer(815301076,1909f56bfc062723c751e8b465ee728b)
Start importing Assets/AllSkyFree/Epic_GloriousPink/Epic_GloriousPink_Cam_4_Up+Y.png using Guid(c3e1d31cf8ef742ad8aed75a1fdaff49) Importer(815301076,1909f56bfc062723c751e8b465ee728b)  -> (artifact id: 'c56fa9a214e4c8c15d3f27f7d4b64db0') in 0.012110 seconds 
  Import took 0.014595 seconds .

========================================================================
Received Import Request.
  Time since last request: 0.000226 seconds.
  path: Assets/AllSkyFree/Epic_GloriousPink/Epic_GloriousPink_EquiRect.png
  artifactKey: Guid(8a293ce833d584fc98516e0e74f495a4) Importer(815301076,1909f56bfc062723c751e8b465ee728b)
Start importing Assets/AllSkyFree/Epic_GloriousPink/Epic_GloriousPink_EquiRect.png using Guid(8a293ce833d584fc98516e0e74f495a4) Importer(815301076,1909f56bfc062723c751e8b465ee728b)  -> (artifact id: '677b6ea06608c033ac6751690b2d15cd') in 0.211850 seconds 
  Import took 0.215749 seconds .

========================================================================
Received Import Request.
  Time since last request: 0.000217 seconds.
  path: Assets/AllSkyFree/Epic_GloriousPink/Epic_GloriousPink_Cam_5_Down-Y.png
  artifactKey: Guid(213ae241f43b44b3f961dd8739080120) Importer(815301076,1909f56bfc062723c751e8b465ee728b)
Start importing Assets/AllSkyFree/Epic_GloriousPink/Epic_GloriousPink_Cam_5_Down-Y.png using Guid(213ae241f43b44b3f961dd8739080120) Importer(815301076,1909f56bfc062723c751e8b465ee728b)  -> (artifact id: '2b48d290ede7ce514131b1b13a8ce1ba') in 0.019756 seconds 
  Import took 0.022636 seconds .

========================================================================
Received Import Request.
  Time since last request: 0.409672 seconds.
  path: Assets/AllSkyFree/Overcast Low/Sky_AllSky_Overcast4_Low_Cam_0_Front+Z.png
  artifactKey: Guid(402fe3aa91fba453f92dd3bbe820dbd9) Importer(815301076,1909f56bfc062723c751e8b465ee728b)
Start importing Assets/AllSkyFree/Overcast Low/Sky_AllSky_Overcast4_Low_Cam_0_Front+Z.png using Guid(402fe3aa91fba453f92dd3bbe820dbd9) Importer(815301076,1909f56bfc062723c751e8b465ee728b)  -> (artifact id: '3d91833663cef788a65e7d1f5c24ebf7') in 0.013450 seconds 
  Import took 0.016085 seconds .

========================================================================
Received Import Request.
  Time since last request: 0.000191 seconds.
  path: Assets/AllSkyFree/Overcast Low/Sky_AllSky_Overcast4_Low_Cam_2_Left+X.png
  artifactKey: Guid(4b922104744dc4f5ab309b556a7677da) Importer(815301076,1909f56bfc062723c751e8b465ee728b)
Start importing Assets/AllSkyFree/Overcast Low/Sky_AllSky_Overcast4_Low_Cam_2_Left+X.png using Guid(4b922104744dc4f5ab309b556a7677da) Importer(815301076,1909f56bfc062723c751e8b465ee728b)  -> (artifact id: 'b86225f84a35d78b760bce8a194b4a27') in 0.012024 seconds 
  Import took 0.014318 seconds .

========================================================================
Received Import Request.
  Time since last request: 0.000210 seconds.
  path: Assets/AllSkyFree/Overcast Low/Sky_AllSky_Overcast4_Low_Cam_3_Right-X.png
  artifactKey: Guid(0ccd1239645f54012a6ea72739d04982) Importer(815301076,1909f56bfc062723c751e8b465ee728b)
Start importing Assets/AllSkyFree/Overcast Low/Sky_AllSky_Overcast4_Low_Cam_3_Right-X.png using Guid(0ccd1239645f54012a6ea72739d04982) Importer(815301076,1909f56bfc062723c751e8b465ee728b)  -> (artifact id: '0b400b4c00e7588307af278f96999eb8') in 0.012096 seconds 
  Import took 0.015181 seconds .

========================================================================
Received Import Request.
  Time since last request: 0.000218 seconds.
  path: Assets/AllSkyFree/Overcast Low/Sky_AllSky_Overcast4_Low_Cam_1_Back-Z.png
  artifactKey: Guid(4efb8fd75703d43cab6f01b240a7c945) Importer(815301076,1909f56bfc062723c751e8b465ee728b)
Start importing Assets/AllSkyFree/Overcast Low/Sky_AllSky_Overcast4_Low_Cam_1_Back-Z.png using Guid(4efb8fd75703d43cab6f01b240a7c945) Importer(815301076,1909f56bfc062723c751e8b465ee728b)  -> (artifact id: '219fc1a42d51d8c7be377e33d6997238') in 0.014122 seconds 
  Import took 0.016693 seconds .

========================================================================
Received Import Request.
  Time since last request: 0.000187 seconds.
  path: Assets/AllSkyFree/Overcast Low/Sky_AllSky_Overcast4_Low_Cam_4_Up+Y.png
  artifactKey: Guid(93ce6277acd7243f685c04cc3c1d0cc4) Importer(815301076,1909f56bfc062723c751e8b465ee728b)
Start importing Assets/AllSkyFree/Overcast Low/Sky_AllSky_Overcast4_Low_Cam_4_Up+Y.png using Guid(93ce6277acd7243f685c04cc3c1d0cc4) Importer(815301076,1909f56bfc062723c751e8b465ee728b)  -> (artifact id: '72683abd8cdb00232b8072d3b182544c') in 0.015681 seconds 
  Import took 0.018105 seconds .

========================================================================
Received Import Request.
  Time since last request: 0.000141 seconds.
  path: Assets/AllSkyFree/Overcast Low/Sky_AllSky_Overcast4_Low_Cam_5_Down-Y.png
  artifactKey: Guid(4164b771c2b784c2da3cbe10847a182e) Importer(815301076,1909f56bfc062723c751e8b465ee728b)
Start importing Assets/AllSkyFree/Overcast Low/Sky_AllSky_Overcast4_Low_Cam_5_Down-Y.png using Guid(4164b771c2b784c2da3cbe10847a182e) Importer(815301076,1909f56bfc062723c751e8b465ee728b)  -> (artifact id: '6fed4b6902f05f6817071ac104c3a078') in 0.012304 seconds 
  Import took 0.014450 seconds .

========================================================================
Received Import Request.
  Time since last request: 1.196774 seconds.
  path: Assets/AllSkyFree/Space_AnotherPlanet/AllSky_Space_AnotherPlanet_Cam_0_Front+Z.png
  artifactKey: Guid(0b5345cf23ab840779a8cbf1b89f355a) Importer(815301076,1909f56bfc062723c751e8b465ee728b)
Start importing Assets/AllSkyFree/Space_AnotherPlanet/AllSky_Space_AnotherPlanet_Cam_0_Front+Z.png using Guid(0b5345cf23ab840779a8cbf1b89f355a) Importer(815301076,1909f56bfc062723c751e8b465ee728b)  -> (artifact id: 'a39272b7f19fab5ae8414e211f14c092') in 0.013775 seconds 
  Import took 0.016416 seconds .

========================================================================
Received Import Request.
  Time since last request: 0.000184 seconds.
  path: Assets/AllSkyFree/Space_AnotherPlanet/AllSky_Space_AnotherPlanet_Cam_5_Down-Y.png
  artifactKey: Guid(3a639720a92414f45b72b16d6db788ce) Importer(815301076,1909f56bfc062723c751e8b465ee728b)
Start importing Assets/AllSkyFree/Space_AnotherPlanet/AllSky_Space_AnotherPlanet_Cam_5_Down-Y.png using Guid(3a639720a92414f45b72b16d6db788ce) Importer(815301076,1909f56bfc062723c751e8b465ee728b)  -> (artifact id: '5842f96413c5715cbe40a52a804d945b') in 0.011362 seconds 
  Import took 0.013529 seconds .

========================================================================
Received Import Request.
  Time since last request: 0.000168 seconds.
  path: Assets/AllSkyFree/Space_AnotherPlanet/AllSky_Space_AnotherPlanet_Cam_1_Back-Z.png
  artifactKey: Guid(0264465325ebb45239163258479c2a60) Importer(815301076,1909f56bfc062723c751e8b465ee728b)
Start importing Assets/AllSkyFree/Space_AnotherPlanet/AllSky_Space_AnotherPlanet_Cam_1_Back-Z.png using Guid(0264465325ebb45239163258479c2a60) Importer(815301076,1909f56bfc062723c751e8b465ee728b)  -> (artifact id: 'ea9266b501b6528763fe45f9a2d68c43') in 0.022272 seconds 
  Import took 0.024433 seconds .

========================================================================
Received Import Request.
  Time since last request: 0.000201 seconds.
  path: Assets/AllSkyFree/Space_AnotherPlanet/AllSky_Space_AnotherPlanet_Cam_4_Up+Y.png
  artifactKey: Guid(a6e9f4ff100a94264a812ad74e17416c) Importer(815301076,1909f56bfc062723c751e8b465ee728b)
Start importing Assets/AllSkyFree/Space_AnotherPlanet/AllSky_Space_AnotherPlanet_Cam_4_Up+Y.png using Guid(a6e9f4ff100a94264a812ad74e17416c) Importer(815301076,1909f56bfc062723c751e8b465ee728b)  -> (artifact id: '29cdb12bbf5e0c146e454ff8818fd95e') in 0.011844 seconds 
  Import took 0.014363 seconds .

========================================================================
Received Import Request.
  Time since last request: 0.000179 seconds.
  path: Assets/AllSkyFree/Space_AnotherPlanet/AllSky_Space_AnotherPlanet_Cam_3_Right-X.png
  artifactKey: Guid(ca9af6b5ce9284592aabb781392ff61e) Importer(815301076,1909f56bfc062723c751e8b465ee728b)
Start importing Assets/AllSkyFree/Space_AnotherPlanet/AllSky_Space_AnotherPlanet_Cam_3_Right-X.png using Guid(ca9af6b5ce9284592aabb781392ff61e) Importer(815301076,1909f56bfc062723c751e8b465ee728b)  -> (artifact id: 'fd20663b4c2609b83c4e5b3a1522bbf1') in 0.013151 seconds 
  Import took 0.015430 seconds .

========================================================================
Received Import Request.
  Time since last request: 0.000196 seconds.
  path: Assets/AllSkyFree/Space_AnotherPlanet/AllSky_Space_AnotherPlanet_Cam_2_Left+X.png
  artifactKey: Guid(40cd83628508d406497f3b21ff220644) Importer(815301076,1909f56bfc062723c751e8b465ee728b)
Start importing Assets/AllSkyFree/Space_AnotherPlanet/AllSky_Space_AnotherPlanet_Cam_2_Left+X.png using Guid(40cd83628508d406497f3b21ff220644) Importer(815301076,1909f56bfc062723c751e8b465ee728b)  -> (artifact id: 'a6ac893940dd24bed07a20f49effa66d') in 0.012290 seconds 
  Import took 0.014922 seconds .

========================================================================
Received Import Request.
  Time since last request: 0.904757 seconds.
  path: Assets/AllSkyFree/Space_AnotherPlanet/AllSky_Space_AnotherPlanet.mat
  artifactKey: Guid(656058fe318eb48558d21d66d1a79a2b) Importer(815301076,1909f56bfc062723c751e8b465ee728b)
Start importing Assets/AllSkyFree/Space_AnotherPlanet/AllSky_Space_AnotherPlanet.mat using Guid(656058fe318eb48558d21d66d1a79a2b) Importer(815301076,1909f56bfc062723c751e8b465ee728b)  -> (artifact id: '559f8d341d6cf5182f76150f06a65023') in 0.022224 seconds 
  Import took 0.025817 seconds .

========================================================================
Received Import Request.
  Time since last request: 0.027883 seconds.
  path: Assets/AllSkyFree/Space_AnotherPlanet/AllSky_Space_AnotherPlanet Equirect.mat
  artifactKey: Guid(13f6e5eed33d84c76979f1ec06b5e48c) Importer(815301076,1909f56bfc062723c751e8b465ee728b)
Start importing Assets/AllSkyFree/Space_AnotherPlanet/AllSky_Space_AnotherPlanet Equirect.mat using Guid(13f6e5eed33d84c76979f1ec06b5e48c) Importer(815301076,1909f56bfc062723c751e8b465ee728b)  -> (artifact id: '4e93042fa225caeac0f7b36053640428') in 0.024303 seconds 
  Import took 0.028193 seconds .

========================================================================
Received Import Request.
  Time since last request: 0.000170 seconds.
  path: Assets/AllSkyFree/Space_AnotherPlanet/AllSky_Space_AnotherPlanet Equirect.png
  artifactKey: Guid(393dd4c82e2a04ec08ef9f57528230c6) Importer(815301076,1909f56bfc062723c751e8b465ee728b)
Start importing Assets/AllSkyFree/Space_AnotherPlanet/AllSky_Space_AnotherPlanet Equirect.png using Guid(393dd4c82e2a04ec08ef9f57528230c6) Importer(815301076,1909f56bfc062723c751e8b465ee728b)  -> (artifact id: 'dd958f1888f6eaafa399d39773023c69') in 0.210807 seconds 
  Import took 0.214193 seconds .

========================================================================
Received Import Request.
  Time since last request: 5.222003 seconds.
  path: Assets/AllSkyFree/Epic_GloriousPink/Epic_GloriousPink Equirect.mat
  artifactKey: Guid(fe4e130f9947345a2b213cb5038851a2) Importer(815301076,1909f56bfc062723c751e8b465ee728b)
Start importing Assets/AllSkyFree/Epic_GloriousPink/Epic_GloriousPink Equirect.mat using Guid(fe4e130f9947345a2b213cb5038851a2) Importer(815301076,1909f56bfc062723c751e8b465ee728b)  -> (artifact id: '3df49e3418ebb91d0a4996bb671f9ec5') in 0.023696 seconds 
  Import took 0.027784 seconds .

========================================================================
Received Import Request.
  Time since last request: 0.000184 seconds.
  path: Assets/AllSkyFree/Epic_GloriousPink/Epic_GloriousPink.mat
  artifactKey: Guid(8b7dd0809c7c6498789fa32a61eaa6cb) Importer(815301076,1909f56bfc062723c751e8b465ee728b)
Start importing Assets/AllSkyFree/Epic_GloriousPink/Epic_GloriousPink.mat using Guid(8b7dd0809c7c6498789fa32a61eaa6cb) Importer(815301076,1909f56bfc062723c751e8b465ee728b)  -> (artifact id: '5c8e80326e1de5a77739e3bfed646a8a') in 0.024715 seconds 
  Import took 0.028210 seconds .

========================================================================
Received Import Request.
  Time since last request: 0.000195 seconds.
  path: Assets/AllSkyFree/Epic_GloriousPink/Epic_GloriousPink_Cam_0_Front+Z.png
  artifactKey: Guid(87dff0577f22146db9255e2cf270d6ee) Importer(815301076,1909f56bfc062723c751e8b465ee728b)
Start importing Assets/AllSkyFree/Epic_GloriousPink/Epic_GloriousPink_Cam_0_Front+Z.png using Guid(87dff0577f22146db9255e2cf270d6ee) Importer(815301076,1909f56bfc062723c751e8b465ee728b)  -> (artifact id: 'a1bac6247eae2977ec9b24ace0337729') in 0.012391 seconds 
  Import took 0.014918 seconds .

========================================================================
Received Import Request.
  Time since last request: 1.680562 seconds.
  path: Assets/AllSkyFree/Night MoonBurst/AllSky_Night_MoonBurst Equirect.mat
  artifactKey: Guid(51b74d7bad397457d883c5940f7664d8) Importer(815301076,1909f56bfc062723c751e8b465ee728b)
Start importing Assets/AllSkyFree/Night MoonBurst/AllSky_Night_MoonBurst Equirect.mat using Guid(51b74d7bad397457d883c5940f7664d8) Importer(815301076,1909f56bfc062723c751e8b465ee728b)  -> (artifact id: '4ca37fb9d2e839476718e1bd6863bf58') in 0.024521 seconds 
  Import took 0.028398 seconds .

========================================================================
Received Import Request.
  Time since last request: 0.000152 seconds.
  path: Assets/AllSkyFree/Night MoonBurst/Night Moon Burst.mat
  artifactKey: Guid(c494c335823f54b52b2e87e1b7a63a23) Importer(815301076,1909f56bfc062723c751e8b465ee728b)
Start importing Assets/AllSkyFree/Night MoonBurst/Night Moon Burst.mat using Guid(c494c335823f54b52b2e87e1b7a63a23) Importer(815301076,1909f56bfc062723c751e8b465ee728b)  -> (artifact id: 'c02c1361748b06fac84ecd6228c3e512') in 0.029745 seconds 
  Import took 0.032721 seconds .

========================================================================
Received Import Request.
  Time since last request: 0.000175 seconds.
  path: Assets/AllSkyFree/Night MoonBurst/Night Moon Burst_Cam_0_Front+Z.png
  artifactKey: Guid(6faf329ad7f5a4920bd3e23e4b000057) Importer(815301076,1909f56bfc062723c751e8b465ee728b)
Start importing Assets/AllSkyFree/Night MoonBurst/Night Moon Burst_Cam_0_Front+Z.png using Guid(6faf329ad7f5a4920bd3e23e4b000057) Importer(815301076,1909f56bfc062723c751e8b465ee728b)  -> (artifact id: '129681e5c07128a1a70bd7551a76aa5f') in 0.014115 seconds 
  Import took 0.016551 seconds .

========================================================================
Received Import Request.
  Time since last request: 0.000163 seconds.
  path: Assets/AllSkyFree/Night MoonBurst/Night Moon Burst_Cam_3_Right-X.png
  artifactKey: Guid(8e462a9bf0b1941148e4318e741d7b09) Importer(815301076,1909f56bfc062723c751e8b465ee728b)
Start importing Assets/AllSkyFree/Night MoonBurst/Night Moon Burst_Cam_3_Right-X.png using Guid(8e462a9bf0b1941148e4318e741d7b09) Importer(815301076,1909f56bfc062723c751e8b465ee728b)  -> (artifact id: '2f7d65e1c642cb4488f29bd28bcf5f3b') in 0.010465 seconds 
  Import took 0.012553 seconds .

========================================================================
Received Import Request.
  Time since last request: 0.000164 seconds.
  path: Assets/AllSkyFree/Night MoonBurst/Night Moon Burst_Cam_4_Up+Y.png
  artifactKey: Guid(544d3cf87e24a464fa433d08257479d1) Importer(815301076,1909f56bfc062723c751e8b465ee728b)
Start importing Assets/AllSkyFree/Night MoonBurst/Night Moon Burst_Cam_4_Up+Y.png using Guid(544d3cf87e24a464fa433d08257479d1) Importer(815301076,1909f56bfc062723c751e8b465ee728b)  -> (artifact id: 'c22c9ded86950096a65815f7d49d2c87') in 0.012021 seconds 
  Import took 0.014156 seconds .

========================================================================
Received Import Request.
  Time since last request: 0.000174 seconds.
  path: Assets/AllSkyFree/Night MoonBurst/Night Moon Burst_Cam_2_Left+X.png
  artifactKey: Guid(c35d875303c454b9a8acaae0f7800313) Importer(815301076,1909f56bfc062723c751e8b465ee728b)
Start importing Assets/AllSkyFree/Night MoonBurst/Night Moon Burst_Cam_2_Left+X.png using Guid(c35d875303c454b9a8acaae0f7800313) Importer(815301076,1909f56bfc062723c751e8b465ee728b)  -> (artifact id: 'cf19b39bdbf07215c870cec5e5db6bd4') in 0.018182 seconds 
  Import took 0.020292 seconds .

========================================================================
Received Import Request.
  Time since last request: 0.000197 seconds.
  path: Assets/AllSkyFree/Night MoonBurst/Night Moon Burst_Cam_1_Back-Z.png
  artifactKey: Guid(88710d7f2a0fa4bfeacbf7045be893fc) Importer(815301076,1909f56bfc062723c751e8b465ee728b)
Start importing Assets/AllSkyFree/Night MoonBurst/Night Moon Burst_Cam_1_Back-Z.png using Guid(88710d7f2a0fa4bfeacbf7045be893fc) Importer(815301076,1909f56bfc062723c751e8b465ee728b)  -> (artifact id: 'a30ad636ce46d513ec118dc6a15e284a') in 0.013137 seconds 
  Import took 0.015527 seconds .

========================================================================
Received Import Request.
  Time since last request: 0.000189 seconds.
  path: Assets/AllSkyFree/Night MoonBurst/AllSky_Night_MoonBurst Equirect.png
  artifactKey: Guid(34a763168147f4182a21b9fd004d67de) Importer(815301076,1909f56bfc062723c751e8b465ee728b)
Start importing Assets/AllSkyFree/Night MoonBurst/AllSky_Night_MoonBurst Equirect.png using Guid(34a763168147f4182a21b9fd004d67de) Importer(815301076,1909f56bfc062723c751e8b465ee728b)  -> (artifact id: '3e13b223b9bf9b18209e863529b24d31') in 0.199544 seconds 
  Import took 0.203949 seconds .

========================================================================
Received Import Request.
  Time since last request: 0.000183 seconds.
  path: Assets/AllSkyFree/Night MoonBurst/Night Moon Burst_Cam_5_Down-Y.png
  artifactKey: Guid(771300e956150427f8e4740c74cdd67e) Importer(815301076,1909f56bfc062723c751e8b465ee728b)
Start importing Assets/AllSkyFree/Night MoonBurst/Night Moon Burst_Cam_5_Down-Y.png using Guid(771300e956150427f8e4740c74cdd67e) Importer(815301076,1909f56bfc062723c751e8b465ee728b)  -> (artifact id: '7f873e2df915f734c6ecc2910c3d6bab') in 0.010672 seconds 
  Import took 0.013150 seconds .

========================================================================
Received Import Request.
  Time since last request: 15.641610 seconds.
  path: Assets/Robot_Soldier/Prefabs
  artifactKey: Guid(bf99a5f93c692a64594e6d7a2d155f16) Importer(815301076,1909f56bfc062723c751e8b465ee728b)
Start importing Assets/Robot_Soldier/Prefabs using Guid(bf99a5f93c692a64594e6d7a2d155f16) Importer(815301076,1909f56bfc062723c751e8b465ee728b)  -> (artifact id: 'cf0f6a70bd458a0ec7897e9114816cb5') in 0.005318 seconds 
  Import took 0.007661 seconds .

========================================================================
Received Import Request.
  Time since last request: 0.043370 seconds.
  path: Assets/Robot_Soldier/Prefabs/Floor.prefab
  artifactKey: Guid(34ad339615304b44c91562cbd11001f2) Importer(815301076,1909f56bfc062723c751e8b465ee728b)
Start importing Assets/Robot_Soldier/Prefabs/Floor.prefab using Guid(34ad339615304b44c91562cbd11001f2) Importer(815301076,1909f56bfc062723c751e8b465ee728b)  -> (artifact id: 'b8a96c0d066560f46e305caeffd4e559') in 0.016161 seconds 
  Import took 0.018741 seconds .

========================================================================
Received Import Request.
  Time since last request: 0.000159 seconds.
  path: Assets/Robot_Soldier/Prefabs/Robot_Soldier_Camo1.prefab
  artifactKey: Guid(c816c50f1076b564bbe9891c3e74b00e) Importer(815301076,1909f56bfc062723c751e8b465ee728b)
Start importing Assets/Robot_Soldier/Prefabs/Robot_Soldier_Camo1.prefab using Guid(c816c50f1076b564bbe9891c3e74b00e) Importer(815301076,1909f56bfc062723c751e8b465ee728b)  -> (artifact id: 'c71122c04072c403d5a785c6494195ef') in 0.099263 seconds 
  Import took 0.107504 seconds .

========================================================================
Received Import Request.
  Time since last request: 0.000167 seconds.
  path: Assets/Robot_Soldier/Prefabs/Robot_Soldier_Green.prefab
  artifactKey: Guid(ebd2497aad4ffde43abb1d9b595d8937) Importer(815301076,1909f56bfc062723c751e8b465ee728b)
Start importing Assets/Robot_Soldier/Prefabs/Robot_Soldier_Green.prefab using Guid(ebd2497aad4ffde43abb1d9b595d8937) Importer(815301076,1909f56bfc062723c751e8b465ee728b)  -> (artifact id: 'ea80d0073c2e8d26daad0c17a4e10f59') in 0.082460 seconds 
  Import took 0.091289 seconds .

========================================================================
Received Import Request.
  Time since last request: 0.000175 seconds.
  path: Assets/Robot_Soldier/Prefabs/Robot_Soldier_Blue.prefab
  artifactKey: Guid(3fc233a9407d11f46a1983e4692babf9) Importer(815301076,1909f56bfc062723c751e8b465ee728b)
Start importing Assets/Robot_Soldier/Prefabs/Robot_Soldier_Blue.prefab using Guid(3fc233a9407d11f46a1983e4692babf9) Importer(815301076,1909f56bfc062723c751e8b465ee728b)  -> (artifact id: 'afbfdc9b79d7d804f7561a1d8e732108') in 0.075463 seconds 
  Import took 0.087345 seconds .

========================================================================
Received Import Request.
  Time since last request: 0.000163 seconds.
  path: Assets/Robot_Soldier/Prefabs/Robot_Soldier_White.prefab
  artifactKey: Guid(0814aba0a5f87494cb000251ab82361f) Importer(815301076,1909f56bfc062723c751e8b465ee728b)
Start importing Assets/Robot_Soldier/Prefabs/Robot_Soldier_White.prefab using Guid(0814aba0a5f87494cb000251ab82361f) Importer(815301076,1909f56bfc062723c751e8b465ee728b)  -> (artifact id: '7943bdddb43fd5b752da7b95e06a8e72') in 0.073435 seconds 
  Import took 0.084624 seconds .

========================================================================
Received Import Request.
  Time since last request: 0.000165 seconds.
  path: Assets/Robot_Soldier/Prefabs/Robot_Soldier_Black.prefab
  artifactKey: Guid(c266c61b42ce56a4ca7e9190ef1209e3) Importer(815301076,1909f56bfc062723c751e8b465ee728b)
Start importing Assets/Robot_Soldier/Prefabs/Robot_Soldier_Black.prefab using Guid(c266c61b42ce56a4ca7e9190ef1209e3) Importer(815301076,1909f56bfc062723c751e8b465ee728b)  -> (artifact id: 'd4b9aabd83eaddecfeaecc6a53805d63') in 0.074549 seconds 
  Import took 0.083615 seconds .

========================================================================
Received Import Request.
  Time since last request: 0.000243 seconds.
  path: Assets/Robot_Soldier/Prefabs/Robot_Soldier_Red.prefab
  artifactKey: Guid(08f5427fe0d15ad47a5a1bb70b6156c7) Importer(815301076,1909f56bfc062723c751e8b465ee728b)
Start importing Assets/Robot_Soldier/Prefabs/Robot_Soldier_Red.prefab using Guid(08f5427fe0d15ad47a5a1bb70b6156c7) Importer(815301076,1909f56bfc062723c751e8b465ee728b)  -> (artifact id: '4631188716e0f9ec6f19a9df8ae25039') in 0.073983 seconds 
  Import took 0.083171 seconds .

========================================================================
Received Import Request.
  Time since last request: 0.000182 seconds.
  path: Assets/Robot_Soldier/Prefabs/Robot_Soldier_Camo2.prefab
  artifactKey: Guid(23e084d1633f7674e81ebd4cad264047) Importer(815301076,1909f56bfc062723c751e8b465ee728b)
Start importing Assets/Robot_Soldier/Prefabs/Robot_Soldier_Camo2.prefab using Guid(23e084d1633f7674e81ebd4cad264047) Importer(815301076,1909f56bfc062723c751e8b465ee728b)  -> (artifact id: '8134368333059f2359e414b63b7055cb') in 0.080201 seconds 
  Import took 0.090691 seconds .

========================================================================
Received Import Request.
  Time since last request: 79.276362 seconds.
  path: Assets/Image/Materials/.mat
  artifactKey: Guid(ccaf5a67efda36946bc9e34adedc029c) Importer(815301076,1909f56bfc062723c751e8b465ee728b)
Start importing Assets/Image/Materials/.mat using Guid(ccaf5a67efda36946bc9e34adedc029c) Importer(815301076,1909f56bfc062723c751e8b465ee728b)  -> (artifact id: '800609fb266deed03234f840633eb4b3') in 0.014407 seconds 
  Import took 0.016977 seconds .

========================================================================
Received Prepare
Registering precompiled user dll's ...
Registered in 0.003474 seconds.
Begin MonoManager ReloadAssembly
Native extension for WindowsStandalone target not found
Native extension for WebGL target not found
Refreshing native plugins compatible for Editor in 0.42 ms, found 2 plugins.
Preloading 0 native plugins for Editor in 0.00 ms.
Mono: successfully reloaded assembly
- Completed reload, in  0.876 seconds
Domain Reload Profiling:
	ReloadAssembly (877ms)
		BeginReloadAssembly (117ms)
			ExecutionOrderSort (0ms)
			DisableScriptedObjects (4ms)
			BackupInstance (0ms)
			ReleaseScriptingObjects (0ms)
			CreateAndSetChildDomain (35ms)
		EndReloadAssembly (698ms)
			LoadAssemblies (78ms)
			RebuildTransferFunctionScriptingTraits (0ms)
			SetupTypeCache (225ms)
			ReleaseScriptCaches (1ms)
			RebuildScriptCaches (43ms)
			SetupLoadedEditorAssemblies (272ms)
				LogAssemblyErrors (0ms)
				InitializePlatformSupportModulesInManaged (5ms)
				SetLoadedEditorAssemblies (0ms)
				RefreshPlugins (0ms)
				BeforeProcessingInitializeOnLoad (71ms)
				ProcessInitializeOnLoadAttributes (182ms)
				ProcessInitializeOnLoadMethodAttributes (7ms)
				AfterProcessingInitializeOnLoad (5ms)
				EditorAssembliesLoaded (0ms)
			ExecutionOrderSort2 (0ms)
			AwakeInstancesAfterBackupRestoration (6ms)
Platform modules already initialized, skipping
Refreshing native plugins compatible for Editor in 0.44 ms, found 2 plugins.
Preloading 0 native plugins for Editor in 0.00 ms.
Unloading 1497 Unused Serialized files (Serialized files now loaded: 0)
System memory in use before: 89.7 MB.
System memory in use after: 89.8 MB.

Unloading 15 unused Assets to reduce memory usage. Loaded Objects now: 1991.
Total: 2.892100 ms (FindLiveObjects: 0.169900 ms CreateObjectMapping: 0.031500 ms MarkObjects: 2.663100 ms  DeleteObjects: 0.026400 ms)

AssetImportParameters requested are different than current active one (requested -> active):
  custom:framework-win-MediaFoundation: 216162199b28c13a410421893ffa2e32 -> 
  custom:video-decoder-ogg-theora: a1e56fd34408186e4bbccfd4996cb3dc -> 
  custom:container-muxer-webm: aa71ff27fc2769a1b78a27578f13a17b -> 
  custom:container-demuxer-webm: 4f35f7cbe854078d1ac9338744f61a02 -> 
  custom:container-demuxer-ogg: 62fdf1f143b41e24485cea50d1cbac27 -> 
  custom:video-encoder-webm-vp8: eb34c28f22e8b96e1ab97ce403110664 -> 
  custom:video-codec-MediaFoundation-h265: 746d11721c4dcdbdad8f713fa42b33f4 -> 
  custom:video-decoder-webm-vp8: 9c59270c3fd7afecdb556c50c9e8de78 -> 
  custom:audio-decoder-ogg-vorbis: bf7c407c2cedff20999df2af8eb42d56 -> 
  custom:audio-encoder-webm-vorbis: bf7c407c2cedff20999df2af8eb42d56 -> 
========================================================================
Received Import Request.
  Time since last request: 1310.960834 seconds.
  path: Assets/Kevin Iglesias/3DCharacterDummy
  artifactKey: Guid(bbded66f86604884c9cc35ba69d3b2fc) Importer(815301076,1909f56bfc062723c751e8b465ee728b)
Start importing Assets/Kevin Iglesias/3DCharacterDummy using Guid(bbded66f86604884c9cc35ba69d3b2fc) Importer(815301076,1909f56bfc062723c751e8b465ee728b)  -> (artifact id: '53a62fc92809ad341827447f4663eeb3') in 0.008356 seconds 
  Import took 0.010964 seconds .

========================================================================
Received Import Request.
  Time since last request: 0.804810 seconds.
  path: Assets/Kevin Iglesias/3DCharacterDummy/DemoScene.unity
  artifactKey: Guid(cfe9dd62e4229d646ac7481962ceab4b) Importer(815301076,1909f56bfc062723c751e8b465ee728b)
Start importing Assets/Kevin Iglesias/3DCharacterDummy/DemoScene.unity using Guid(cfe9dd62e4229d646ac7481962ceab4b) Importer(815301076,1909f56bfc062723c751e8b465ee728b)  -> (artifact id: '5d6a142be2bf04ddf9d127e60ef745bf') in 0.014108 seconds 
  Import took 0.016570 seconds .

========================================================================
Received Import Request.
  Time since last request: 193.922205 seconds.
  path: Assets/Scenes/character/character.unity
  artifactKey: Guid(822f10c9287a6384fbebe1ace0512139) Importer(815301076,1909f56bfc062723c751e8b465ee728b)
Start importing Assets/Scenes/character/character.unity using Guid(822f10c9287a6384fbebe1ace0512139) Importer(815301076,1909f56bfc062723c751e8b465ee728b)  -> (artifact id: 'e631546c11a524e17cdb13bb0e776100') in 0.006807 seconds 
  Import took 0.009472 seconds .

========================================================================
Received Import Request.
  Time since last request: 37.011070 seconds.
  path: Assets/Aseets
  artifactKey: Guid(9702814bc104b6a4d9819eff597d6592) Importer(815301076,1909f56bfc062723c751e8b465ee728b)
Start importing Assets/Aseets using Guid(9702814bc104b6a4d9819eff597d6592) Importer(815301076,1909f56bfc062723c751e8b465ee728b)  -> (artifact id: 'ad1c6c2884b99993ed20232c7172ce48') in 0.006424 seconds 
  Import took 0.009125 seconds .

========================================================================
Received Import Request.
  Time since last request: 13.671326 seconds.
  path: Assets/Aseets/Kevin Iglesias/3DCharacterDummy/Prefabs
  artifactKey: Guid(b5fa5aa268edb8f438b6dbcb54e59cd6) Importer(815301076,1909f56bfc062723c751e8b465ee728b)
Start importing Assets/Aseets/Kevin Iglesias/3DCharacterDummy/Prefabs using Guid(b5fa5aa268edb8f438b6dbcb54e59cd6) Importer(815301076,1909f56bfc062723c751e8b465ee728b)  -> (artifact id: '6623d7f6b76020b14a278cce95c174da') in 0.002162 seconds 
  Import took 0.004543 seconds .

========================================================================
Received Import Request.
  Time since last request: 0.033292 seconds.
  path: Assets/Aseets/Kevin Iglesias/3DCharacterDummy/Prefabs/FemaleDummy.prefab
  artifactKey: Guid(ef692d625a130534ab152b65fe91a77b) Importer(815301076,1909f56bfc062723c751e8b465ee728b)
Start importing Assets/Aseets/Kevin Iglesias/3DCharacterDummy/Prefabs/FemaleDummy.prefab using Guid(ef692d625a130534ab152b65fe91a77b) Importer(815301076,1909f56bfc062723c751e8b465ee728b)  -> (artifact id: 'f56f14ac844388d506bf58b4765bba1b') in 0.047911 seconds 
  Import took 0.050627 seconds .

========================================================================
Received Import Request.
  Time since last request: 0.000185 seconds.
  path: Assets/Aseets/Kevin Iglesias/3DCharacterDummy/Prefabs/MaleDummy.prefab
  artifactKey: Guid(34115fd4eff069845a47d22ce756724e) Importer(815301076,1909f56bfc062723c751e8b465ee728b)
Start importing Assets/Aseets/Kevin Iglesias/3DCharacterDummy/Prefabs/MaleDummy.prefab using Guid(34115fd4eff069845a47d22ce756724e) Importer(815301076,1909f56bfc062723c751e8b465ee728b)  -> (artifact id: 'b0887df704a3f2aa2d9519f62e021b05') in 0.020935 seconds 
  Import took 0.023327 seconds .

========================================================================
Received Import Request.
  Time since last request: 10.168890 seconds.
  path: Assets/Image/Materials/.mat
  artifactKey: Guid(ccaf5a67efda36946bc9e34adedc029c) Importer(815301076,1909f56bfc062723c751e8b465ee728b)
Start importing Assets/Image/Materials/.mat using Guid(ccaf5a67efda36946bc9e34adedc029c) Importer(815301076,1909f56bfc062723c751e8b465ee728b)  -> (artifact id: 'e160968e3b1aaf56f2538ec0281f3d5a') in 0.021267 seconds 
  Import took 0.023905 seconds .

========================================================================
Received Import Request.
  Time since last request: 7.337068 seconds.
  path: Assets/Image/Materials/Red.mat
  artifactKey: Guid(c0a77bfb8a6fe4b47bcf1d106747f0fa) Importer(815301076,1909f56bfc062723c751e8b465ee728b)
Start importing Assets/Image/Materials/Red.mat using Guid(c0a77bfb8a6fe4b47bcf1d106747f0fa) Importer(815301076,1909f56bfc062723c751e8b465ee728b)  -> (artifact id: 'ee329e3533490c768f1700f678206cb4') in 0.012197 seconds 
  Import took 0.014987 seconds .

========================================================================
Received Import Request.
  Time since last request: 42.548435 seconds.
  path: Assets/Aseets/Kevin Iglesias/3DCharacterDummy/Models/FemaleDummy.fbx
  artifactKey: Guid(7144acb9459793743bd1b60b10fe0d30) Importer(815301076,1909f56bfc062723c751e8b465ee728b)
Start importing Assets/Aseets/Kevin Iglesias/3DCharacterDummy/Models/FemaleDummy.fbx using Guid(7144acb9459793743bd1b60b10fe0d30) Importer(815301076,1909f56bfc062723c751e8b465ee728b)  -> (artifact id: '07cac9c01c9cf7790eb9427f25e4d111') in 0.038274 seconds 
  Import took 0.041358 seconds .

========================================================================
Received Import Request.
  Time since last request: 0.000225 seconds.
  path: Assets/Aseets/Kevin Iglesias/3DCharacterDummy/Models/MaleDummy.fbx
  artifactKey: Guid(317a56890b5c8e74ab1d492a2c7fb608) Importer(815301076,1909f56bfc062723c751e8b465ee728b)
Start importing Assets/Aseets/Kevin Iglesias/3DCharacterDummy/Models/MaleDummy.fbx using Guid(317a56890b5c8e74ab1d492a2c7fb608) Importer(815301076,1909f56bfc062723c751e8b465ee728b)  -> (artifact id: '7554a803bda2c8fe875c48851036820e') in 0.031388 seconds 
  Import took 0.034852 seconds .

========================================================================
Received Import Request.
  Time since last request: 384.799486 seconds.
  path: Assets/Aseets/Kevin Iglesias/3DCharacterDummy/Textures/DummyTexture.png
  artifactKey: Guid(0c78f3bc217d9b24a9c1d10479de2940) Importer(815301076,1909f56bfc062723c751e8b465ee728b)
Start importing Assets/Aseets/Kevin Iglesias/3DCharacterDummy/Textures/DummyTexture.png using Guid(0c78f3bc217d9b24a9c1d10479de2940) Importer(815301076,1909f56bfc062723c751e8b465ee728b)  -> (artifact id: '3cb8efe5d1d81416c057674f316bc88b') in 0.020933 seconds 
  Import took 0.023784 seconds .

========================================================================
Received Import Request.
  Time since last request: 10918.011306 seconds.
  path: Assets/New Folder
  artifactKey: Guid(6b466d5773f36d04f86634752004c90b) Importer(815301076,1909f56bfc062723c751e8b465ee728b)
Start importing Assets/New Folder using Guid(6b466d5773f36d04f86634752004c90b) Importer(815301076,1909f56bfc062723c751e8b465ee728b)  -> (artifact id: 'c69be3f002ab1116cc10f9c14d3e9022') in 0.005957 seconds 
  Import took 0.011337 seconds .

========================================================================
Received Import Request.
  Time since last request: 1.767448 seconds.
  path: Assets/character
  artifactKey: Guid(6b466d5773f36d04f86634752004c90b) Importer(815301076,1909f56bfc062723c751e8b465ee728b)
Start importing Assets/character using Guid(6b466d5773f36d04f86634752004c90b) Importer(815301076,1909f56bfc062723c751e8b465ee728b)  -> (artifact id: 'a588a9903a1aeaa5c3533469cef48a42') in 0.005689 seconds 
  Import took 0.008247 seconds .

========================================================================
Received Import Request.
  Time since last request: 137.242540 seconds.
  path: Assets/character/character.controller
  artifactKey: Guid(a3a595ea6623ec540ab27f2bdff0c10a) Importer(815301076,1909f56bfc062723c751e8b465ee728b)
Start importing Assets/character/character.controller using Guid(a3a595ea6623ec540ab27f2bdff0c10a) Importer(815301076,1909f56bfc062723c751e8b465ee728b)  -> (artifact id: '00c9b3284273e275b1b8bfecef651cf5') in 0.007320 seconds 
  Import took 0.009980 seconds .

========================================================================
Received Import Request.
  Time since last request: 125.761459 seconds.
  path: Assets/Aseets/AllSkyFree
  artifactKey: Guid(8b909422b59f5d041859e211c99b6610) Importer(815301076,1909f56bfc062723c751e8b465ee728b)
Start importing Assets/Aseets/AllSkyFree using Guid(8b909422b59f5d041859e211c99b6610) Importer(815301076,1909f56bfc062723c751e8b465ee728b)  -> (artifact id: '0219a9e7169a8ca0edfb2317becaf36e') in 0.006816 seconds 
  Import took 0.009463 seconds .

========================================================================
Received Import Request.
  Time since last request: 0.407646 seconds.
  path: Assets/Aseets/Kevin Iglesias
  artifactKey: Guid(7948c9f23ae6adf4d880eca656a7a180) Importer(815301076,1909f56bfc062723c751e8b465ee728b)
Start importing Assets/Aseets/Kevin Iglesias using Guid(7948c9f23ae6adf4d880eca656a7a180) Importer(815301076,1909f56bfc062723c751e8b465ee728b)  -> (artifact id: '4af99a20c3e807037efc3f049037493d') in 0.006051 seconds 
  Import took 0.008478 seconds .

========================================================================
Received Import Request.
  Time since last request: 5.015920 seconds.
  path: Assets/Aseets/Kevin Iglesias/3DCharacterDummy/Models
  artifactKey: Guid(98f6dc73f311f5443862e7f75ff9d729) Importer(815301076,1909f56bfc062723c751e8b465ee728b)
Start importing Assets/Aseets/Kevin Iglesias/3DCharacterDummy/Models using Guid(98f6dc73f311f5443862e7f75ff9d729) Importer(815301076,1909f56bfc062723c751e8b465ee728b)  -> (artifact id: '2d628b48adedc5f26a06815bc01d5424') in 0.005360 seconds 
  Import took 0.007821 seconds .

========================================================================
Received Import Request.
  Time since last request: 12.076533 seconds.
  path: Assets/Aseets/Kevin Iglesias/3DCharacterDummy/Materials/DummyTexture.mat
  artifactKey: Guid(acdb99df08b9a2d4d889a33b50495333) Importer(815301076,1909f56bfc062723c751e8b465ee728b)
Start importing Assets/Aseets/Kevin Iglesias/3DCharacterDummy/Materials/DummyTexture.mat using Guid(acdb99df08b9a2d4d889a33b50495333) Importer(815301076,1909f56bfc062723c751e8b465ee728b)  -> (artifact id: '134ac36e7fec4ffbdc244213496ab540') in 0.021100 seconds 
  Import took 0.023715 seconds .

========================================================================
Received Import Request.
  Time since last request: 0.000160 seconds.
  path: Assets/Aseets/Kevin Iglesias/3DCharacterDummy/Materials/FloorMaterial.mat
  artifactKey: Guid(6f0ed2219ff129a43a45732c39e4918a) Importer(815301076,1909f56bfc062723c751e8b465ee728b)
Start importing Assets/Aseets/Kevin Iglesias/3DCharacterDummy/Materials/FloorMaterial.mat using Guid(6f0ed2219ff129a43a45732c39e4918a) Importer(815301076,1909f56bfc062723c751e8b465ee728b)  -> (artifact id: '9ee6ffddadd9be9f10b718e84b755df7') in 0.012184 seconds 
  Import took 0.014401 seconds .

